Diagnose log at 2025-12-10T17:15:35Z

AppPath: C:\Prog\Git\mingw64\bin\git-credential-manager.exe
InstallDir: C:\Prog\Git\mingw64\bin\
Version: 2.6.1+786ab03440ddc82e807a97c0e540f5247e44cec6

------------
Diagnostic: Environment
Skipped: False
Success: True
Exception: None
Log:
OSType: Windows
OSVersion: 10.0 (build 26200)
Reading environment variables... OK
 Variables:
HOMEPATH=\Users\User_
DriverData=C:\Windows\System32\Drivers\DriverData
COMPUTERNAME=DESKTOP-5U695BL
MSYSTEM=MINGW64
CommonProgramFiles(x86)=C:\Program Files (x86)\Common Files
OneDrive=C:\Users\User_\OneDrive
TMPDIR=C:\Users\User_\AppData\Local\Temp
ProgramFiles(x86)=C:\Program Files (x86)
CONFIG_SITE=C:/Prog/Git/etc/config.site
LC_CTYPE=uk_UA.UTF-8
USERDOMAIN=DESKTOP-5U695BL
PATHEXT=.COM;.EXE;.BAT;.CMD;.VBS;.VBE;.JS;.JSE;.WSF;.WSH;.MSC
ORIGINAL_TEMP=C:/Users/User_/AppData/Local/Temp
MINGW_PREFIX=C:/Prog/Git/mingw64
GIT_EXEC_PATH=C:/Prog/Git/mingw64/libexec/git-core
ACLOCAL_PATH=C:\Prog\Git\mingw64\share\aclocal;C:\Prog\Git\usr\share\aclocal
TEMP=C:\Users\User_\AppData\Local\Temp
LOCALAPPDATA=C:\Users\User_\AppData\Local
MANPATH=C:\Prog\Git\mingw64\local\man;C:\Prog\Git\mingw64\share\man;C:\Prog\Git\usr\local\man;C:\Prog\Git\usr\share\man;C:\Prog\Git\usr\man;C:\Prog\Git\share\man
TERM=xterm
PROCESSOR_IDENTIFIER=AMD64 Family 25 Model 68 Stepping 1, AuthenticAMD
MSYSTEM_CARCH=x86_64
PROGRAMFILES=C:\Program Files (x86)
ProgramData=C:\ProgramData
TERM_PROGRAM_VERSION=3.8.1
ORIGINAL_TMP=C:/Users/User_/AppData/Local/Temp
PROCESSOR_REVISION=4401
SYSTEMROOT=C:\WINDOWS
TERM_PROGRAM=mintty
PROCESSOR_LEVEL=25
NUMBER_OF_PROCESSORS=16
SSH_ASKPASS=C:/Prog/Git/mingw64/bin/git-askpass.exe
SHLVL=1
APPDATA=C:\Users\User_\AppData\Roaming
SYSTEMDRIVE=C:
PSModulePath=C:\Program Files\WindowsPowerShell\Modules;C:\WINDOWS\system32\WindowsPowerShell\v1.0\Modules
PUBLIC=C:\Users\Public
HOSTNAME=DESKTOP-5U695BL
PKG_CONFIG_PATH=C:\Prog\Git\mingw64\lib\pkgconfig;C:\Prog\Git\mingw64\share\pkgconfig
MSYSTEM_CHOST=x86_64-w64-mingw32
PWD=C:/Users/User_/OneDrive/Desktop/TichProject
PLINK_PROTOCOL=ssh
INFOPATH=C:\Prog\Git\mingw64\local\info;C:\Prog\Git\mingw64\share\info;C:\Prog\Git\usr\local\info;C:\Prog\Git\usr\share\info;C:\Prog\Git\usr\info;C:\Prog\Git\share\info
ProgramW6432=C:\Program Files
PATH=C:/Prog/Git/mingw64/libexec/git-core;C:\Users\User_\bin;C:\Prog\Git\mingw64\bin;C:\Prog\Git\usr\local\bin;C:\Prog\Git\usr\bin;C:\Prog\Git\usr\bin;C:\Prog\Git\mingw64\bin;C:\Prog\Git\usr\bin;C:\Users\User_\bin;C:\Program Files (x86)\Common Files\Oracle\Java\javapath;C:\WINDOWS\system32;C:\WINDOWS;C:\WINDOWS\System32\Wbem;C:\WINDOWS\System32\WindowsPowerShell\v1.0;C:\WINDOWS\System32\OpenSSH;C:\Program Files (x86)\Windows Kits\10\Windows Performance Toolkit;C:\Prog\Git\cmd;C:\Program Files\NVIDIA Corporation\NVIDIA App\NvDLISR;C:\Program Files\nodejs;C:\Users\User_\AppData\Local\Programs\Python\Python313\Scripts;C:\Users\User_\AppData\Local\Programs\Python\Python313;C:\Users\User_\AppData\Local\Microsoft\WindowsApps;C:\Users\User_\AppData\Local\Programs\Microsoft VS Code\bin;C:\Users\User_\AppData\Roaming\npm;C:\Prog\Git\usr\bin\vendor_perl;C:\Prog\Git\usr\bin\core_perl
MINGW_CHOST=x86_64-w64-mingw32
GIT_TRACE2_PARENT_SID=c2c6b9b3-9922-42a7-9fa7-4e4e9a75f1d1
PKG_CONFIG_SYSTEM_LIBRARY_PATH=C:/Prog/Git/mingw64/lib
RlsSvcPort=22112
TMP=C:\Users\User_\AppData\Local\Temp
SHELL=C:\Prog\Git\usr\bin\bash.exe
HOME=C:\Users\User_
COMSPEC=C:\WINDOWS\system32\cmd.exe
LOGONSERVER=\\DESKTOP-5U695BL
USERPROFILE=C:\Users\User_
DISPLAY=needs-to-be-defined
COMMONPROGRAMFILES=C:\Program Files (x86)\Common Files
WINDIR=C:\WINDOWS
_=C:/Prog/Git/mingw64/bin/git
USERDOMAIN_ROAMINGPROFILE=DESKTOP-5U695BL
CommonProgramW6432=C:\Program Files\Common Files
HOMEDRIVE=C:
MSYSTEM_PREFIX=C:/Prog/Git/mingw64
OLDPWD=C:/Users/User_
MINGW_PACKAGE_PREFIX=mingw-w64-x86_64
SESSIONNAME=Console
EFC_7652_1592913036=1
EXEPATH=C:\Prog\Git
USERNAME=User_
PROCESSOR_ARCHITEW6432=AMD64
ORIGINAL_PATH=C:\Prog\Git\mingw64\bin;C:\Prog\Git\usr\bin;C:\Users\User_\bin;C:\Program Files (x86)\Common Files\Oracle\Java\javapath;C:\WINDOWS\system32;C:\WINDOWS;C:\WINDOWS\System32\Wbem;C:\WINDOWS\System32\WindowsPowerShell\v1.0;C:\WINDOWS\System32\OpenSSH;C:\Program Files (x86)\Windows Kits\10\Windows Performance Toolkit;C:\Prog\Git\cmd;C:\Program Files\NVIDIA Corporation\NVIDIA App\NvDLISR;C:\Program Files\nodejs;C:\Users\User_\AppData\Local\Programs\Python\Python313\Scripts;C:\Users\User_\AppData\Local\Programs\Python\Python313;C:\Users\User_\AppData\Local\Microsoft\WindowsApps;C:\Users\User_\AppData\Local\Programs\Microsoft VS Code\bin;C:\Users\User_\AppData\Roaming\npm
PROCESSOR_ARCHITECTURE=x86
PS1=\[\033]0;$TITLEPREFIX:$PWD\007\]\n\[\033[32m\]\u@\h \[\033[35m\]$MSYSTEM \[\033[33m\]\w\[\033[36m\]`__git_ps1`\[\033[0m\]\n$ 
OS=Windows_NT
ACSetupSvcPort=23210
PKG_CONFIG_SYSTEM_INCLUDE_PATH=C:/Prog/Git/mingw64/include
OneDriveConsumer=C:\Users\User_\OneDrive
ALLUSERSPROFILE=C:\ProgramData


------------
Diagnostic: File system
Skipped: False
Success: True
Exception: None
Log:
Temporary directory is 'C:\Users\User_\AppData\Local\Temp\'...
Checking basic file I/O...
Writing to temporary file 'C:\Users\User_\AppData\Local\Temp\f2584227a7b3cee9c6019ad5'... OK
Reading from temporary file 'C:\Users\User_\AppData\Local\Temp\f2584227a7b3cee9c6019ad5'... OK
Deleting temporary file 'C:\Users\User_\AppData\Local\Temp\f2584227a7b3cee9c6019ad5'... OK
Testing IFileSystem instance...
UserHomePath: C:\Users\User_
UserDataDirectoryPath: C:\Users\User_\.gcm
GetCurrentDirectory(): C:\Users\User_\OneDrive\Desktop\TichProject

------------
Diagnostic: Networking
Skipped: False
Success: True
Exception: None
Log:
Checking networking and HTTP stack...
Creating HTTP client... OK
IsNetworkAvailable: True
Sending HEAD request to http://example.com...Sending HEAD request to https://example.com... OK
Acquiring free TCP port... OK
Testing local HTTP loopback connections...
Creating new HTTP listener for http://localhost:56046/... OK
Waiting for loopback connection... OK
Writing response... OK
Waiting for response data... OK
Loopback connection data OK

